# JRE version: OpenJDK Runtime Environment (17.0.6) (build 17.0.6+0-b2043.56-10027231)
# Java VM: OpenJDK 64-Bit Server VM (17.0.6+0-b2043.56-10027231, mixed mode, tiered, compressed oops, compressed class ptrs, g1 gc, windows-amd64)
GC Precious Log:
 CPUs: 8 total, 8 available
 Memory: 16297M
 Large Page Support: Disabled
 NUMA Support: Disabled
 Compressed Oops: Enabled (32-bit)
 Heap Region Size: 1M
 Heap Min Capacity: 8M
 Heap Initial Capacity: 256M
 Heap Max Capacity: 2G
 Pre-touch: Disabled
 Parallel Workers: 8
 Concurrent Workers: 2
 Concurrent Refinement Workers: 8
 Periodic GC: Disabled
Heap:
 garbage-first heap   total 450560K, used 319025K [0x0000000080000000, 0x0000000100000000)
  region size 1024K, 61 young (62464K), 11 survivors (11264K)
 Metaspace       used 193906K, committed 195136K, reserved 1220608K
  class space    used 25038K, committed 25600K, reserved 1048576K
GC Heap History (20 events):
Event: 30.660 GC heap before
{Heap before GC invocations=68 (full 0):
 garbage-first heap   total 378880K, used 320138K [0x0000000080000000, 0x0000000100000000)
  region size 1024K, 117 young (119808K), 9 survivors (9216K)
 Metaspace       used 149940K, committed 150784K, reserved 1179648K
  class space    used 19699K, committed 20096K, reserved 1048576K
}
Event: 30.666 GC heap after
{Heap after GC invocations=69 (full 0):
 garbage-first heap   total 378880K, used 211561K [0x0000000080000000, 0x0000000100000000)
  region size 1024K, 8 young (8192K), 8 survivors (8192K)
 Metaspace       used 149940K, committed 150784K, reserved 1179648K
  class space    used 19699K, committed 20096K, reserved 1048576K
}
Event: 30.720 GC heap before
{Heap before GC invocations=69 (full 0):
 garbage-first heap   total 378880K, used 238185K [0x0000000080000000, 0x0000000100000000)
  region size 1024K, 18 young (18432K), 8 survivors (8192K)
 Metaspace       used 149978K, committed 150848K, reserved 1179648K
  class space    used 19710K, committed 20096K, reserved 1048576K
}
Event: 30.728 GC heap after
{Heap after GC invocations=70 (full 0):
 garbage-first heap   total 378880K, used 218472K [0x0000000080000000, 0x0000000100000000)
  region size 1024K, 3 young (3072K), 3 survivors (3072K)
 Metaspace       used 149978K, committed 150848K, reserved 1179648K
  class space    used 19710K, committed 20096K, reserved 1048576K
}
Event: 32.552 GC heap before
{Heap before GC invocations=70 (full 0):
 garbage-first heap   total 378880K, used 322920K [0x0000000080000000, 0x0000000100000000)
  region size 1024K, 103 young (105472K), 3 survivors (3072K)
 Metaspace       used 162622K, committed 163456K, reserved 1196032K
  class space    used 21405K, committed 21760K, reserved 1048576K
}
Event: 32.562 GC heap after
{Heap after GC invocations=71 (full 0):
 garbage-first heap   total 378880K, used 226304K [0x0000000080000000, 0x0000000100000000)
  region size 1024K, 13 young (13312K), 13 survivors (13312K)
 Metaspace       used 162622K, committed 163456K, reserved 1196032K
  class space    used 21405K, committed 21760K, reserved 1048576K
}
Event: 33.334 GC heap before
{Heap before GC invocations=71 (full 0):
 garbage-first heap   total 378880K, used 320512K [0x0000000080000000, 0x0000000100000000)
  region size 1024K, 105 young (107520K), 13 survivors (13312K)
 Metaspace       used 162871K, committed 163648K, reserved 1196032K
  class space    used 21405K, committed 21760K, reserved 1048576K
}
Event: 33.343 GC heap after
{Heap after GC invocations=72 (full 0):
 garbage-first heap   total 378880K, used 228417K [0x0000000080000000, 0x0000000100000000)
  region size 1024K, 2 young (2048K), 2 survivors (2048K)
 Metaspace       used 162871K, committed 163648K, reserved 1196032K
  class space    used 21405K, committed 21760K, reserved 1048576K
}
Event: 33.871 GC heap before
{Heap before GC invocations=72 (full 0):
 garbage-first heap   total 378880K, used 323649K [0x0000000080000000, 0x0000000100000000)
  region size 1024K, 95 young (97280K), 2 survivors (2048K)
 Metaspace       used 162893K, committed 163712K, reserved 1196032K
  class space    used 21407K, committed 21760K, reserved 1048576K
}
Event: 33.873 GC heap after
{Heap after GC invocations=73 (full 0):
 garbage-first heap   total 378880K, used 227235K [0x0000000080000000, 0x0000000100000000)
  region size 1024K, 1 young (1024K), 1 survivors (1024K)
 Metaspace       used 162893K, committed 163712K, reserved 1196032K
  class space    used 21407K, committed 21760K, reserved 1048576K
}
Event: 36.034 GC heap before
{Heap before GC invocations=74 (full 0):
 garbage-first heap   total 445440K, used 324515K [0x0000000080000000, 0x0000000100000000)
  region size 1024K, 97 young (99328K), 1 survivors (1024K)
 Metaspace       used 172427K, committed 173312K, reserved 1204224K
  class space    used 22562K, committed 22976K, reserved 1048576K
}
Event: 36.042 GC heap after
{Heap after GC invocations=75 (full 0):
 garbage-first heap   total 445440K, used 230058K [0x0000000080000000, 0x0000000100000000)
  region size 1024K, 6 young (6144K), 6 survivors (6144K)
 Metaspace       used 172427K, committed 173312K, reserved 1204224K
  class space    used 22562K, committed 22976K, reserved 1048576K
}
Event: 36.647 GC heap before
{Heap before GC invocations=75 (full 0):
 garbage-first heap   total 445440K, used 244394K [0x0000000080000000, 0x0000000100000000)
  region size 1024K, 21 young (21504K), 6 survivors (6144K)
 Metaspace       used 172779K, committed 173696K, reserved 1204224K
  class space    used 22580K, committed 22976K, reserved 1048576K
}
Event: 36.656 GC heap after
{Heap after GC invocations=76 (full 0):
 garbage-first heap   total 445440K, used 230541K [0x0000000080000000, 0x0000000100000000)
  region size 1024K, 3 young (3072K), 3 survivors (3072K)
 Metaspace       used 172779K, committed 173696K, reserved 1204224K
  class space    used 22580K, committed 22976K, reserved 1048576K
}
Event: 41.278 GC heap before
{Heap before GC invocations=76 (full 0):
 garbage-first heap   total 445440K, used 369805K [0x0000000080000000, 0x0000000100000000)
  region size 1024K, 140 young (143360K), 3 survivors (3072K)
 Metaspace       used 173210K, committed 174144K, reserved 1204224K
  class space    used 22592K, committed 23040K, reserved 1048576K
}
Event: 41.285 GC heap after
{Heap after GC invocations=77 (full 0):
 garbage-first heap   total 445440K, used 234489K [0x0000000080000000, 0x0000000100000000)
  region size 1024K, 7 young (7168K), 7 survivors (7168K)
 Metaspace       used 173210K, committed 174144K, reserved 1204224K
  class space    used 22592K, committed 23040K, reserved 1048576K
}
Event: 44.950 GC heap before
{Heap before GC invocations=77 (full 0):
 garbage-first heap   total 445440K, used 371705K [0x0000000080000000, 0x0000000100000000)
  region size 1024K, 142 young (145408K), 7 survivors (7168K)
 Metaspace       used 180690K, committed 181824K, reserved 1212416K
  class space    used 23551K, committed 24128K, reserved 1048576K
}
Event: 44.963 GC heap after
{Heap after GC invocations=78 (full 0):
 garbage-first heap   total 445440K, used 246173K [0x0000000080000000, 0x0000000100000000)
  region size 1024K, 18 young (18432K), 18 survivors (18432K)
 Metaspace       used 180690K, committed 181824K, reserved 1212416K
  class space    used 23551K, committed 24128K, reserved 1048576K
}
Event: 268.570 GC heap before
{Heap before GC invocations=78 (full 0):
 garbage-first heap   total 445440K, used 347549K [0x0000000080000000, 0x0000000100000000)
  region size 1024K, 111 young (113664K), 18 survivors (18432K)
 Metaspace       used 186656K, committed 187904K, reserved 1220608K
  class space    used 24199K, committed 24768K, reserved 1048576K
}
Event: 268.585 GC heap after
{Heap after GC invocations=79 (full 0):
 garbage-first heap   total 445440K, used 261681K [0x0000000080000000, 0x0000000100000000)
  region size 1024K, 11 young (11264K), 11 survivors (11264K)
 Metaspace       used 186656K, committed 187904K, reserved 1220608K
  class space    used 24199K, committed 24768K, reserved 1048576K
}

